<?xml version="1.0" encoding="UTF-8"?>
<testsuites name="jest tests" tests="22" failures="5" errors="0" time="3.683">
  <testsuite name="Inline JS functions from index.html" errors="0" failures="0" skipped="0" timestamp="2025-02-21T20:22:46" time="1.354" tests="3">
    <testcase classname="Inline JS functions from index.html toggle() should remove &quot;active&quot; and &quot;hidden&quot; classes when toggled" name="Inline JS functions from index.html toggle() should remove &quot;active&quot; and &quot;hidden&quot; classes when toggled" time="0.041">
    </testcase>
    <testcase classname="Inline JS functions from index.html closePopup() should remove &quot;active&quot; from content and add &quot;hidden&quot; to popup" name="Inline JS functions from index.html closePopup() should remove &quot;active&quot; from content and add &quot;hidden&quot; to popup" time="0.009">
    </testcase>
    <testcase classname="Inline JS functions from index.html Login form sign in and sign up click handlers should call respective functions" name="Inline JS functions from index.html Login form sign in and sign up click handlers should call respective functions" time="0.047">
    </testcase>
  </testsuite>
  <testsuite name="app.js module" errors="0" failures="3" skipped="0" timestamp="2025-02-21T20:22:46" time="1.688" tests="4">
    <testcase classname="app.js module createEventCard() should return valid HTML with event details" name="app.js module createEventCard() should return valid HTML with event details" time="0.018">
    </testcase>
    <testcase classname="app.js module renderEvents() should render event cards into #eventsGrid" name="app.js module renderEvents() should render event cards into #eventsGrid" time="0.141">
      <failure>Error: expect(received).toContain(expected) // indexOf

Expected substring: &quot;Test Event 1&quot;
Received string:    &quot;
        &lt;div class=\&quot;event-card\&quot;&gt;
            &lt;div class=\&quot;event-image-container\&quot;&gt;
                &lt;img src=\&quot;https://images.unsplash.com/photo-1533174072545-7a4b6ad7a6c3?auto=format&amp;amp;fit=crop&amp;amp;q=80\&quot; alt=\&quot;Summer Music Festival 2024\&quot; class=\&quot;event-image\&quot;&gt;
                &lt;div class=\&quot;event-price\&quot;&gt;$49.99&lt;/div&gt;
            &lt;/div&gt;
            &lt;div class=\&quot;event-details\&quot;&gt;
                &lt;h3 class=\&quot;event-title\&quot;&gt;Summer Music Festival 2024&lt;/h3&gt;
                &lt;div class=\&quot;event-info\&quot;&gt;
                    &lt;svg xmlns=\&quot;http://www.w3.org/2000/svg\&quot; width=\&quot;16\&quot; height=\&quot;16\&quot; viewBox=\&quot;0 0 24 24\&quot; fill=\&quot;none\&quot; stroke=\&quot;currentColor\&quot; stroke-width=\&quot;2\&quot; stroke-linecap=\&quot;round\&quot; stroke-linejoin=\&quot;round\&quot;&gt;
                        &lt;rect width=\&quot;18\&quot; height=\&quot;18\&quot; x=\&quot;3\&quot; y=\&quot;4\&quot; rx=\&quot;2\&quot; ry=\&quot;2\&quot;&gt;&lt;/rect&gt;
                        &lt;line x1=\&quot;16\&quot; x2=\&quot;16\&quot; y1=\&quot;2\&quot; y2=\&quot;6\&quot;&gt;&lt;/line&gt;
                        &lt;line x1=\&quot;8\&quot; x2=\&quot;8\&quot; y1=\&quot;2\&quot; y2=\&quot;6\&quot;&gt;&lt;/line&gt;
                        &lt;line x1=\&quot;3\&quot; x2=\&quot;21\&quot; y1=\&quot;10\&quot; y2=\&quot;10\&quot;&gt;&lt;/line&gt;
                    &lt;/svg&gt;
                    &lt;span&gt;July 15, 2024&lt;/span&gt;
                &lt;/div&gt;
                &lt;div class=\&quot;event-info\&quot;&gt;
                    &lt;svg xmlns=\&quot;http://www.w3.org/2000/svg\&quot; width=\&quot;16\&quot; height=\&quot;16\&quot; viewBox=\&quot;0 0 24 24\&quot; fill=\&quot;none\&quot; stroke=\&quot;currentColor\&quot; stroke-width=\&quot;2\&quot; stroke-linecap=\&quot;round\&quot; stroke-linejoin=\&quot;round\&quot;&gt;
                        &lt;circle cx=\&quot;12\&quot; cy=\&quot;12\&quot; r=\&quot;10\&quot;&gt;&lt;/circle&gt;
                        &lt;polyline points=\&quot;12 6 12 12 16 14\&quot;&gt;&lt;/polyline&gt;
                    &lt;/svg&gt;
                    &lt;span&gt;2:00 PM&lt;/span&gt;
                &lt;/div&gt;
                &lt;div class=\&quot;event-info\&quot;&gt;
                    &lt;svg xmlns=\&quot;http://www.w3.org/2000/svg\&quot; width=\&quot;16\&quot; height=\&quot;16\&quot; viewBox=\&quot;0 0 24 24\&quot; fill=\&quot;none\&quot; stroke=\&quot;currentColor\&quot; stroke-width=\&quot;2\&quot; stroke-linecap=\&quot;round\&quot; stroke-linejoin=\&quot;round\&quot;&gt;
                        &lt;path d=\&quot;M20 10c0 6-8 12-8 12s-8-6-8-12a8 8 0 0 1 16 0Z\&quot;&gt;&lt;/path&gt;
                        &lt;circle cx=\&quot;12\&quot; cy=\&quot;10\&quot; r=\&quot;3\&quot;&gt;&lt;/circle&gt;
                    &lt;/svg&gt;
                    &lt;span&gt;Central Park, New York&lt;/span&gt;
                &lt;/div&gt;
            &lt;/div&gt;
        &lt;/div&gt;·····
        &lt;div class=\&quot;event-card\&quot;&gt;
            &lt;div class=\&quot;event-image-container\&quot;&gt;
                &lt;img src=\&quot;https://images.unsplash.com/photo-1555939594-58d7cb561ad1?auto=format&amp;amp;fit=crop&amp;amp;q=80\&quot; alt=\&quot;Food &amp;amp; Wine Exhibition\&quot; class=\&quot;event-image\&quot;&gt;
                &lt;div class=\&quot;event-price\&quot;&gt;Free&lt;/div&gt;
            &lt;/div&gt;
            &lt;div class=\&quot;event-details\&quot;&gt;
                &lt;h3 class=\&quot;event-title\&quot;&gt;Food &amp;amp; Wine Exhibition&lt;/h3&gt;
                &lt;div class=\&quot;event-info\&quot;&gt;
                    &lt;svg xmlns=\&quot;http://www.w3.org/2000/svg\&quot; width=\&quot;16\&quot; height=\&quot;16\&quot; viewBox=\&quot;0 0 24 24\&quot; fill=\&quot;none\&quot; stroke=\&quot;currentColor\&quot; stroke-width=\&quot;2\&quot; stroke-linecap=\&quot;round\&quot; stroke-linejoin=\&quot;round\&quot;&gt;
                        &lt;rect width=\&quot;18\&quot; height=\&quot;18\&quot; x=\&quot;3\&quot; y=\&quot;4\&quot; rx=\&quot;2\&quot; ry=\&quot;2\&quot;&gt;&lt;/rect&gt;
                        &lt;line x1=\&quot;16\&quot; x2=\&quot;16\&quot; y1=\&quot;2\&quot; y2=\&quot;6\&quot;&gt;&lt;/line&gt;
                        &lt;line x1=\&quot;8\&quot; x2=\&quot;8\&quot; y1=\&quot;2\&quot; y2=\&quot;6\&quot;&gt;&lt;/line&gt;
                        &lt;line x1=\&quot;3\&quot; x2=\&quot;21\&quot; y1=\&quot;10\&quot; y2=\&quot;10\&quot;&gt;&lt;/line&gt;
                    &lt;/svg&gt;
                    &lt;span&gt;June 20, 2024&lt;/span&gt;
                &lt;/div&gt;
                &lt;div class=\&quot;event-info\&quot;&gt;
                    &lt;svg xmlns=\&quot;http://www.w3.org/2000/svg\&quot; width=\&quot;16\&quot; height=\&quot;16\&quot; viewBox=\&quot;0 0 24 24\&quot; fill=\&quot;none\&quot; stroke=\&quot;currentColor\&quot; stroke-width=\&quot;2\&quot; stroke-linecap=\&quot;round\&quot; stroke-linejoin=\&quot;round\&quot;&gt;
                        &lt;circle cx=\&quot;12\&quot; cy=\&quot;12\&quot; r=\&quot;10\&quot;&gt;&lt;/circle&gt;
                        &lt;polyline points=\&quot;12 6 12 12 16 14\&quot;&gt;&lt;/polyline&gt;
                    &lt;/svg&gt;
                    &lt;span&gt;5:00 PM&lt;/span&gt;
                &lt;/div&gt;
                &lt;div class=\&quot;event-info\&quot;&gt;
                    &lt;svg xmlns=\&quot;http://www.w3.org/2000/svg\&quot; width=\&quot;16\&quot; height=\&quot;16\&quot; viewBox=\&quot;0 0 24 24\&quot; fill=\&quot;none\&quot; stroke=\&quot;currentColor\&quot; stroke-width=\&quot;2\&quot; stroke-linecap=\&quot;round\&quot; stroke-linejoin=\&quot;round\&quot;&gt;
                        &lt;path d=\&quot;M20 10c0 6-8 12-8 12s-8-6-8-12a8 8 0 0 1 16 0Z\&quot;&gt;&lt;/path&gt;
                        &lt;circle cx=\&quot;12\&quot; cy=\&quot;10\&quot; r=\&quot;3\&quot;&gt;&lt;/circle&gt;
                    &lt;/svg&gt;
                    &lt;span&gt;Convention Center&lt;/span&gt;
                &lt;/div&gt;
            &lt;/div&gt;
        &lt;/div&gt;·····
        &lt;div class=\&quot;event-card\&quot;&gt;
            &lt;div class=\&quot;event-image-container\&quot;&gt;
                &lt;img src=\&quot;https://images.unsplash.com/photo-1540575467063-178a50c2df87?auto=format&amp;amp;fit=crop&amp;amp;q=80\&quot; alt=\&quot;Tech Conference 2024\&quot; class=\&quot;event-image\&quot;&gt;
                &lt;div class=\&quot;event-price\&quot;&gt;$99.99&lt;/div&gt;
            &lt;/div&gt;
            &lt;div class=\&quot;event-details\&quot;&gt;
                &lt;h3 class=\&quot;event-title\&quot;&gt;Tech Conference 2024&lt;/h3&gt;
                &lt;div class=\&quot;event-info\&quot;&gt;
                    &lt;svg xmlns=\&quot;http://www.w3.org/2000/svg\&quot; width=\&quot;16\&quot; height=\&quot;16\&quot; viewBox=\&quot;0 0 24 24\&quot; fill=\&quot;none\&quot; stroke=\&quot;currentColor\&quot; stroke-width=\&quot;2\&quot; stroke-linecap=\&quot;round\&quot; stroke-linejoin=\&quot;round\&quot;&gt;
                        &lt;rect width=\&quot;18\&quot; height=\&quot;18\&quot; x=\&quot;3\&quot; y=\&quot;4\&quot; rx=\&quot;2\&quot; ry=\&quot;2\&quot;&gt;&lt;/rect&gt;
                        &lt;line x1=\&quot;16\&quot; x2=\&quot;16\&quot; y1=\&quot;2\&quot; y2=\&quot;6\&quot;&gt;&lt;/line&gt;
                        &lt;line x1=\&quot;8\&quot; x2=\&quot;8\&quot; y1=\&quot;2\&quot; y2=\&quot;6\&quot;&gt;&lt;/line&gt;
                        &lt;line x1=\&quot;3\&quot; x2=\&quot;21\&quot; y1=\&quot;10\&quot; y2=\&quot;10\&quot;&gt;&lt;/line&gt;
                    &lt;/svg&gt;
                    &lt;span&gt;August 5, 2024&lt;/span&gt;
                &lt;/div&gt;
                &lt;div class=\&quot;event-info\&quot;&gt;
                    &lt;svg xmlns=\&quot;http://www.w3.org/2000/svg\&quot; width=\&quot;16\&quot; height=\&quot;16\&quot; viewBox=\&quot;0 0 24 24\&quot; fill=\&quot;none\&quot; stroke=\&quot;currentColor\&quot; stroke-width=\&quot;2\&quot; stroke-linecap=\&quot;round\&quot; stroke-linejoin=\&quot;round\&quot;&gt;
                        &lt;circle cx=\&quot;12\&quot; cy=\&quot;12\&quot; r=\&quot;10\&quot;&gt;&lt;/circle&gt;
                        &lt;polyline points=\&quot;12 6 12 12 16 14\&quot;&gt;&lt;/polyline&gt;
                    &lt;/svg&gt;
                    &lt;span&gt;9:00 AM&lt;/span&gt;
                &lt;/div&gt;
                &lt;div class=\&quot;event-info\&quot;&gt;
                    &lt;svg xmlns=\&quot;http://www.w3.org/2000/svg\&quot; width=\&quot;16\&quot; height=\&quot;16\&quot; viewBox=\&quot;0 0 24 24\&quot; fill=\&quot;none\&quot; stroke=\&quot;currentColor\&quot; stroke-width=\&quot;2\&quot; stroke-linecap=\&quot;round\&quot; stroke-linejoin=\&quot;round\&quot;&gt;
                        &lt;path d=\&quot;M20 10c0 6-8 12-8 12s-8-6-8-12a8 8 0 0 1 16 0Z\&quot;&gt;&lt;/path&gt;
                        &lt;circle cx=\&quot;12\&quot; cy=\&quot;10\&quot; r=\&quot;3\&quot;&gt;&lt;/circle&gt;
                    &lt;/svg&gt;
                    &lt;span&gt;Innovation Hub&lt;/span&gt;
                &lt;/div&gt;
            &lt;/div&gt;
        &lt;/div&gt;·····
        &lt;div class=\&quot;event-card\&quot;&gt;
            &lt;div class=\&quot;event-image-container\&quot;&gt;
                &lt;img src=\&quot;https://images.unsplash.com/photo-1540575467063-178a50c2df87?auto=format&amp;amp;fit=crop&amp;amp;q=80\&quot; alt=\&quot;Tech Conference 2024\&quot; class=\&quot;event-image\&quot;&gt;
                &lt;div class=\&quot;event-price\&quot;&gt;$99.99&lt;/div&gt;
            &lt;/div&gt;
            &lt;div class=\&quot;event-details\&quot;&gt;
                &lt;h3 class=\&quot;event-title\&quot;&gt;Tech Conference 2024&lt;/h3&gt;
                &lt;div class=\&quot;event-info\&quot;&gt;
                    &lt;svg xmlns=\&quot;http://www.w3.org/2000/svg\&quot; width=\&quot;16\&quot; height=\&quot;16\&quot; viewBox=\&quot;0 0 24 24\&quot; fill=\&quot;none\&quot; stroke=\&quot;currentColor\&quot; stroke-width=\&quot;2\&quot; stroke-linecap=\&quot;round\&quot; stroke-linejoin=\&quot;round\&quot;&gt;
                        &lt;rect width=\&quot;18\&quot; height=\&quot;18\&quot; x=\&quot;3\&quot; y=\&quot;4\&quot; rx=\&quot;2\&quot; ry=\&quot;2\&quot;&gt;&lt;/rect&gt;
                        &lt;line x1=\&quot;16\&quot; x2=\&quot;16\&quot; y1=\&quot;2\&quot; y2=\&quot;6\&quot;&gt;&lt;/line&gt;
                        &lt;line x1=\&quot;8\&quot; x2=\&quot;8\&quot; y1=\&quot;2\&quot; y2=\&quot;6\&quot;&gt;&lt;/line&gt;
                        &lt;line x1=\&quot;3\&quot; x2=\&quot;21\&quot; y1=\&quot;10\&quot; y2=\&quot;10\&quot;&gt;&lt;/line&gt;
                    &lt;/svg&gt;
                    &lt;span&gt;August 5, 2024&lt;/span&gt;
                &lt;/div&gt;
                &lt;div class=\&quot;event-info\&quot;&gt;
                    &lt;svg xmlns=\&quot;http://www.w3.org/2000/svg\&quot; width=\&quot;16\&quot; height=\&quot;16\&quot; viewBox=\&quot;0 0 24 24\&quot; fill=\&quot;none\&quot; stroke=\&quot;currentColor\&quot; stroke-width=\&quot;2\&quot; stroke-linecap=\&quot;round\&quot; stroke-linejoin=\&quot;round\&quot;&gt;
                        &lt;circle cx=\&quot;12\&quot; cy=\&quot;12\&quot; r=\&quot;10\&quot;&gt;&lt;/circle&gt;
                        &lt;polyline points=\&quot;12 6 12 12 16 14\&quot;&gt;&lt;/polyline&gt;
                    &lt;/svg&gt;
                    &lt;span&gt;9:00 AM&lt;/span&gt;
                &lt;/div&gt;
                &lt;div class=\&quot;event-info\&quot;&gt;
                    &lt;svg xmlns=\&quot;http://www.w3.org/2000/svg\&quot; width=\&quot;16\&quot; height=\&quot;16\&quot; viewBox=\&quot;0 0 24 24\&quot; fill=\&quot;none\&quot; stroke=\&quot;currentColor\&quot; stroke-width=\&quot;2\&quot; stroke-linecap=\&quot;round\&quot; stroke-linejoin=\&quot;round\&quot;&gt;
                        &lt;path d=\&quot;M20 10c0 6-8 12-8 12s-8-6-8-12a8 8 0 0 1 16 0Z\&quot;&gt;&lt;/path&gt;
                        &lt;circle cx=\&quot;12\&quot; cy=\&quot;10\&quot; r=\&quot;3\&quot;&gt;&lt;/circle&gt;
                    &lt;/svg&gt;
                    &lt;span&gt;Innovation Hub&lt;/span&gt;
                &lt;/div&gt;
            &lt;/div&gt;
        &lt;/div&gt;·····
        &lt;div class=\&quot;event-card\&quot;&gt;
            &lt;div class=\&quot;event-image-container\&quot;&gt;
                &lt;img src=\&quot;https://images.unsplash.com/photo-1540575467063-178a50c2df87?auto=format&amp;amp;fit=crop&amp;amp;q=80\&quot; alt=\&quot;Tech Conference 2024\&quot; class=\&quot;event-image\&quot;&gt;
                &lt;div class=\&quot;event-price\&quot;&gt;$99.99&lt;/div&gt;
            &lt;/div&gt;
            &lt;div class=\&quot;event-details\&quot;&gt;
                &lt;h3 class=\&quot;event-title\&quot;&gt;Tech Conference 2024&lt;/h3&gt;
                &lt;div class=\&quot;event-info\&quot;&gt;
                    &lt;svg xmlns=\&quot;http://www.w3.org/2000/svg\&quot; width=\&quot;16\&quot; height=\&quot;16\&quot; viewBox=\&quot;0 0 24 24\&quot; fill=\&quot;none\&quot; stroke=\&quot;currentColor\&quot; stroke-width=\&quot;2\&quot; stroke-linecap=\&quot;round\&quot; stroke-linejoin=\&quot;round\&quot;&gt;
                        &lt;rect width=\&quot;18\&quot; height=\&quot;18\&quot; x=\&quot;3\&quot; y=\&quot;4\&quot; rx=\&quot;2\&quot; ry=\&quot;2\&quot;&gt;&lt;/rect&gt;
                        &lt;line x1=\&quot;16\&quot; x2=\&quot;16\&quot; y1=\&quot;2\&quot; y2=\&quot;6\&quot;&gt;&lt;/line&gt;
                        &lt;line x1=\&quot;8\&quot; x2=\&quot;8\&quot; y1=\&quot;2\&quot; y2=\&quot;6\&quot;&gt;&lt;/line&gt;
                        &lt;line x1=\&quot;3\&quot; x2=\&quot;21\&quot; y1=\&quot;10\&quot; y2=\&quot;10\&quot;&gt;&lt;/line&gt;
                    &lt;/svg&gt;
                    &lt;span&gt;August 5, 2024&lt;/span&gt;
                &lt;/div&gt;
                &lt;div class=\&quot;event-info\&quot;&gt;
                    &lt;svg xmlns=\&quot;http://www.w3.org/2000/svg\&quot; width=\&quot;16\&quot; height=\&quot;16\&quot; viewBox=\&quot;0 0 24 24\&quot; fill=\&quot;none\&quot; stroke=\&quot;currentColor\&quot; stroke-width=\&quot;2\&quot; stroke-linecap=\&quot;round\&quot; stroke-linejoin=\&quot;round\&quot;&gt;
                        &lt;circle cx=\&quot;12\&quot; cy=\&quot;12\&quot; r=\&quot;10\&quot;&gt;&lt;/circle&gt;
                        &lt;polyline points=\&quot;12 6 12 12 16 14\&quot;&gt;&lt;/polyline&gt;
                    &lt;/svg&gt;
                    &lt;span&gt;9:00 AM&lt;/span&gt;
                &lt;/div&gt;
                &lt;div class=\&quot;event-info\&quot;&gt;
                    &lt;svg xmlns=\&quot;http://www.w3.org/2000/svg\&quot; width=\&quot;16\&quot; height=\&quot;16\&quot; viewBox=\&quot;0 0 24 24\&quot; fill=\&quot;none\&quot; stroke=\&quot;currentColor\&quot; stroke-width=\&quot;2\&quot; stroke-linecap=\&quot;round\&quot; stroke-linejoin=\&quot;round\&quot;&gt;
                        &lt;path d=\&quot;M20 10c0 6-8 12-8 12s-8-6-8-12a8 8 0 0 1 16 0Z\&quot;&gt;&lt;/path&gt;
                        &lt;circle cx=\&quot;12\&quot; cy=\&quot;10\&quot; r=\&quot;3\&quot;&gt;&lt;/circle&gt;
                    &lt;/svg&gt;
                    &lt;span&gt;Innovation Hub&lt;/span&gt;
                &lt;/div&gt;
            &lt;/div&gt;
        &lt;/div&gt;·····
        &lt;div class=\&quot;event-card\&quot;&gt;
            &lt;div class=\&quot;event-image-container\&quot;&gt;
                &lt;img src=\&quot;https://images.unsplash.com/photo-1540575467063-178a50c2df87?auto=format&amp;amp;fit=crop&amp;amp;q=80\&quot; alt=\&quot;Tech Conference 2024\&quot; class=\&quot;event-image\&quot;&gt;
                &lt;div class=\&quot;event-price\&quot;&gt;$99.99&lt;/div&gt;
            &lt;/div&gt;
            &lt;div class=\&quot;event-details\&quot;&gt;
                &lt;h3 class=\&quot;event-title\&quot;&gt;Tech Conference 2024&lt;/h3&gt;
                &lt;div class=\&quot;event-info\&quot;&gt;
                    &lt;svg xmlns=\&quot;http://www.w3.org/2000/svg\&quot; width=\&quot;16\&quot; height=\&quot;16\&quot; viewBox=\&quot;0 0 24 24\&quot; fill=\&quot;none\&quot; stroke=\&quot;currentColor\&quot; stroke-width=\&quot;2\&quot; stroke-linecap=\&quot;round\&quot; stroke-linejoin=\&quot;round\&quot;&gt;
                        &lt;rect width=\&quot;18\&quot; height=\&quot;18\&quot; x=\&quot;3\&quot; y=\&quot;4\&quot; rx=\&quot;2\&quot; ry=\&quot;2\&quot;&gt;&lt;/rect&gt;
                        &lt;line x1=\&quot;16\&quot; x2=\&quot;16\&quot; y1=\&quot;2\&quot; y2=\&quot;6\&quot;&gt;&lt;/line&gt;
                        &lt;line x1=\&quot;8\&quot; x2=\&quot;8\&quot; y1=\&quot;2\&quot; y2=\&quot;6\&quot;&gt;&lt;/line&gt;
                        &lt;line x1=\&quot;3\&quot; x2=\&quot;21\&quot; y1=\&quot;10\&quot; y2=\&quot;10\&quot;&gt;&lt;/line&gt;
                    &lt;/svg&gt;
                    &lt;span&gt;August 5, 2024&lt;/span&gt;
                &lt;/div&gt;
                &lt;div class=\&quot;event-info\&quot;&gt;
                    &lt;svg xmlns=\&quot;http://www.w3.org/2000/svg\&quot; width=\&quot;16\&quot; height=\&quot;16\&quot; viewBox=\&quot;0 0 24 24\&quot; fill=\&quot;none\&quot; stroke=\&quot;currentColor\&quot; stroke-width=\&quot;2\&quot; stroke-linecap=\&quot;round\&quot; stroke-linejoin=\&quot;round\&quot;&gt;
                        &lt;circle cx=\&quot;12\&quot; cy=\&quot;12\&quot; r=\&quot;10\&quot;&gt;&lt;/circle&gt;
                        &lt;polyline points=\&quot;12 6 12 12 16 14\&quot;&gt;&lt;/polyline&gt;
                    &lt;/svg&gt;
                    &lt;span&gt;9:00 AM&lt;/span&gt;
                &lt;/div&gt;
                &lt;div class=\&quot;event-info\&quot;&gt;
                    &lt;svg xmlns=\&quot;http://www.w3.org/2000/svg\&quot; width=\&quot;16\&quot; height=\&quot;16\&quot; viewBox=\&quot;0 0 24 24\&quot; fill=\&quot;none\&quot; stroke=\&quot;currentColor\&quot; stroke-width=\&quot;2\&quot; stroke-linecap=\&quot;round\&quot; stroke-linejoin=\&quot;round\&quot;&gt;
                        &lt;path d=\&quot;M20 10c0 6-8 12-8 12s-8-6-8-12a8 8 0 0 1 16 0Z\&quot;&gt;&lt;/path&gt;
                        &lt;circle cx=\&quot;12\&quot; cy=\&quot;10\&quot; r=\&quot;3\&quot;&gt;&lt;/circle&gt;
                    &lt;/svg&gt;
                    &lt;span&gt;Innovation Hub&lt;/span&gt;
                &lt;/div&gt;
            &lt;/div&gt;
        &lt;/div&gt;·····
        &lt;div class=\&quot;event-card\&quot;&gt;
            &lt;div class=\&quot;event-image-container\&quot;&gt;
                &lt;img src=\&quot;https://images.unsplash.com/photo-1540575467063-178a50c2df87?auto=format&amp;amp;fit=crop&amp;amp;q=80\&quot; alt=\&quot;Tech Conference 2024\&quot; class=\&quot;event-image\&quot;&gt;
                &lt;div class=\&quot;event-price\&quot;&gt;$99.99&lt;/div&gt;
            &lt;/div&gt;
            &lt;div class=\&quot;event-details\&quot;&gt;
                &lt;h3 class=\&quot;event-title\&quot;&gt;Tech Conference 2024&lt;/h3&gt;
                &lt;div class=\&quot;event-info\&quot;&gt;
                    &lt;svg xmlns=\&quot;http://www.w3.org/2000/svg\&quot; width=\&quot;16\&quot; height=\&quot;16\&quot; viewBox=\&quot;0 0 24 24\&quot; fill=\&quot;none\&quot; stroke=\&quot;currentColor\&quot; stroke-width=\&quot;2\&quot; stroke-linecap=\&quot;round\&quot; stroke-linejoin=\&quot;round\&quot;&gt;
                        &lt;rect width=\&quot;18\&quot; height=\&quot;18\&quot; x=\&quot;3\&quot; y=\&quot;4\&quot; rx=\&quot;2\&quot; ry=\&quot;2\&quot;&gt;&lt;/rect&gt;
                        &lt;line x1=\&quot;16\&quot; x2=\&quot;16\&quot; y1=\&quot;2\&quot; y2=\&quot;6\&quot;&gt;&lt;/line&gt;
                        &lt;line x1=\&quot;8\&quot; x2=\&quot;8\&quot; y1=\&quot;2\&quot; y2=\&quot;6\&quot;&gt;&lt;/line&gt;
                        &lt;line x1=\&quot;3\&quot; x2=\&quot;21\&quot; y1=\&quot;10\&quot; y2=\&quot;10\&quot;&gt;&lt;/line&gt;
                    &lt;/svg&gt;
                    &lt;span&gt;August 5, 2024&lt;/span&gt;
                &lt;/div&gt;
                &lt;div class=\&quot;event-info\&quot;&gt;
                    &lt;svg xmlns=\&quot;http://www.w3.org/2000/svg\&quot; width=\&quot;16\&quot; height=\&quot;16\&quot; viewBox=\&quot;0 0 24 24\&quot; fill=\&quot;none\&quot; stroke=\&quot;currentColor\&quot; stroke-width=\&quot;2\&quot; stroke-linecap=\&quot;round\&quot; stroke-linejoin=\&quot;round\&quot;&gt;
                        &lt;circle cx=\&quot;12\&quot; cy=\&quot;12\&quot; r=\&quot;10\&quot;&gt;&lt;/circle&gt;
                        &lt;polyline points=\&quot;12 6 12 12 16 14\&quot;&gt;&lt;/polyline&gt;
                    &lt;/svg&gt;
                    &lt;span&gt;9:00 AM&lt;/span&gt;
                &lt;/div&gt;
                &lt;div class=\&quot;event-info\&quot;&gt;
                    &lt;svg xmlns=\&quot;http://www.w3.org/2000/svg\&quot; width=\&quot;16\&quot; height=\&quot;16\&quot; viewBox=\&quot;0 0 24 24\&quot; fill=\&quot;none\&quot; stroke=\&quot;currentColor\&quot; stroke-width=\&quot;2\&quot; stroke-linecap=\&quot;round\&quot; stroke-linejoin=\&quot;round\&quot;&gt;
                        &lt;path d=\&quot;M20 10c0 6-8 12-8 12s-8-6-8-12a8 8 0 0 1 16 0Z\&quot;&gt;&lt;/path&gt;
                        &lt;circle cx=\&quot;12\&quot; cy=\&quot;10\&quot; r=\&quot;3\&quot;&gt;&lt;/circle&gt;
                    &lt;/svg&gt;
                    &lt;span&gt;Innovation Hub&lt;/span&gt;
                &lt;/div&gt;
            &lt;/div&gt;
        &lt;/div&gt;·····
        &lt;div class=\&quot;event-card\&quot;&gt;
            &lt;div class=\&quot;event-image-container\&quot;&gt;
                &lt;img src=\&quot;https://images.unsplash.com/photo-1540575467063-178a50c2df87?auto=format&amp;amp;fit=crop&amp;amp;q=80\&quot; alt=\&quot;Tech Conference 2024\&quot; class=\&quot;event-image\&quot;&gt;
                &lt;div class=\&quot;event-price\&quot;&gt;$99.99&lt;/div&gt;
            &lt;/div&gt;
            &lt;div class=\&quot;event-details\&quot;&gt;
                &lt;h3 class=\&quot;event-title\&quot;&gt;Tech Conference 2024&lt;/h3&gt;
                &lt;div class=\&quot;event-info\&quot;&gt;
                    &lt;svg xmlns=\&quot;http://www.w3.org/2000/svg\&quot; width=\&quot;16\&quot; height=\&quot;16\&quot; viewBox=\&quot;0 0 24 24\&quot; fill=\&quot;none\&quot; stroke=\&quot;currentColor\&quot; stroke-width=\&quot;2\&quot; stroke-linecap=\&quot;round\&quot; stroke-linejoin=\&quot;round\&quot;&gt;
                        &lt;rect width=\&quot;18\&quot; height=\&quot;18\&quot; x=\&quot;3\&quot; y=\&quot;4\&quot; rx=\&quot;2\&quot; ry=\&quot;2\&quot;&gt;&lt;/rect&gt;
                        &lt;line x1=\&quot;16\&quot; x2=\&quot;16\&quot; y1=\&quot;2\&quot; y2=\&quot;6\&quot;&gt;&lt;/line&gt;
                        &lt;line x1=\&quot;8\&quot; x2=\&quot;8\&quot; y1=\&quot;2\&quot; y2=\&quot;6\&quot;&gt;&lt;/line&gt;
                        &lt;line x1=\&quot;3\&quot; x2=\&quot;21\&quot; y1=\&quot;10\&quot; y2=\&quot;10\&quot;&gt;&lt;/line&gt;
                    &lt;/svg&gt;
                    &lt;span&gt;August 5, 2024&lt;/span&gt;
                &lt;/div&gt;
                &lt;div class=\&quot;event-info\&quot;&gt;
                    &lt;svg xmlns=\&quot;http://www.w3.org/2000/svg\&quot; width=\&quot;16\&quot; height=\&quot;16\&quot; viewBox=\&quot;0 0 24 24\&quot; fill=\&quot;none\&quot; stroke=\&quot;currentColor\&quot; stroke-width=\&quot;2\&quot; stroke-linecap=\&quot;round\&quot; stroke-linejoin=\&quot;round\&quot;&gt;
                        &lt;circle cx=\&quot;12\&quot; cy=\&quot;12\&quot; r=\&quot;10\&quot;&gt;&lt;/circle&gt;
                        &lt;polyline points=\&quot;12 6 12 12 16 14\&quot;&gt;&lt;/polyline&gt;
                    &lt;/svg&gt;
                    &lt;span&gt;9:00 AM&lt;/span&gt;
                &lt;/div&gt;
                &lt;div class=\&quot;event-info\&quot;&gt;
                    &lt;svg xmlns=\&quot;http://www.w3.org/2000/svg\&quot; width=\&quot;16\&quot; height=\&quot;16\&quot; viewBox=\&quot;0 0 24 24\&quot; fill=\&quot;none\&quot; stroke=\&quot;currentColor\&quot; stroke-width=\&quot;2\&quot; stroke-linecap=\&quot;round\&quot; stroke-linejoin=\&quot;round\&quot;&gt;
                        &lt;path d=\&quot;M20 10c0 6-8 12-8 12s-8-6-8-12a8 8 0 0 1 16 0Z\&quot;&gt;&lt;/path&gt;
                        &lt;circle cx=\&quot;12\&quot; cy=\&quot;10\&quot; r=\&quot;3\&quot;&gt;&lt;/circle&gt;
                    &lt;/svg&gt;
                    &lt;span&gt;Innovation Hub&lt;/span&gt;
                &lt;/div&gt;
            &lt;/div&gt;
        &lt;/div&gt;·····
        &lt;div class=\&quot;event-card\&quot;&gt;
            &lt;div class=\&quot;event-image-container\&quot;&gt;
                &lt;img src=\&quot;https://images.unsplash.com/photo-1540575467063-178a50c2df87?auto=format&amp;amp;fit=crop&amp;amp;q=80\&quot; alt=\&quot;Tech Conference 2024\&quot; class=\&quot;event-image\&quot;&gt;
                &lt;div class=\&quot;event-price\&quot;&gt;$99.99&lt;/div&gt;
            &lt;/div&gt;
            &lt;div class=\&quot;event-details\&quot;&gt;
                &lt;h3 class=\&quot;event-title\&quot;&gt;Tech Conference 2024&lt;/h3&gt;
                &lt;div class=\&quot;event-info\&quot;&gt;
                    &lt;svg xmlns=\&quot;http://www.w3.org/2000/svg\&quot; width=\&quot;16\&quot; height=\&quot;16\&quot; viewBox=\&quot;0 0 24 24\&quot; fill=\&quot;none\&quot; stroke=\&quot;currentColor\&quot; stroke-width=\&quot;2\&quot; stroke-linecap=\&quot;round\&quot; stroke-linejoin=\&quot;round\&quot;&gt;
                        &lt;rect width=\&quot;18\&quot; height=\&quot;18\&quot; x=\&quot;3\&quot; y=\&quot;4\&quot; rx=\&quot;2\&quot; ry=\&quot;2\&quot;&gt;&lt;/rect&gt;
                        &lt;line x1=\&quot;16\&quot; x2=\&quot;16\&quot; y1=\&quot;2\&quot; y2=\&quot;6\&quot;&gt;&lt;/line&gt;
                        &lt;line x1=\&quot;8\&quot; x2=\&quot;8\&quot; y1=\&quot;2\&quot; y2=\&quot;6\&quot;&gt;&lt;/line&gt;
                        &lt;line x1=\&quot;3\&quot; x2=\&quot;21\&quot; y1=\&quot;10\&quot; y2=\&quot;10\&quot;&gt;&lt;/line&gt;
                    &lt;/svg&gt;
                    &lt;span&gt;August 5, 2024&lt;/span&gt;
                &lt;/div&gt;
                &lt;div class=\&quot;event-info\&quot;&gt;
                    &lt;svg xmlns=\&quot;http://www.w3.org/2000/svg\&quot; width=\&quot;16\&quot; height=\&quot;16\&quot; viewBox=\&quot;0 0 24 24\&quot; fill=\&quot;none\&quot; stroke=\&quot;currentColor\&quot; stroke-width=\&quot;2\&quot; stroke-linecap=\&quot;round\&quot; stroke-linejoin=\&quot;round\&quot;&gt;
                        &lt;circle cx=\&quot;12\&quot; cy=\&quot;12\&quot; r=\&quot;10\&quot;&gt;&lt;/circle&gt;
                        &lt;polyline points=\&quot;12 6 12 12 16 14\&quot;&gt;&lt;/polyline&gt;
                    &lt;/svg&gt;
                    &lt;span&gt;9:00 AM&lt;/span&gt;
                &lt;/div&gt;
                &lt;div class=\&quot;event-info\&quot;&gt;
                    &lt;svg xmlns=\&quot;http://www.w3.org/2000/svg\&quot; width=\&quot;16\&quot; height=\&quot;16\&quot; viewBox=\&quot;0 0 24 24\&quot; fill=\&quot;none\&quot; stroke=\&quot;currentColor\&quot; stroke-width=\&quot;2\&quot; stroke-linecap=\&quot;round\&quot; stroke-linejoin=\&quot;round\&quot;&gt;
                        &lt;path d=\&quot;M20 10c0 6-8 12-8 12s-8-6-8-12a8 8 0 0 1 16 0Z\&quot;&gt;&lt;/path&gt;
                        &lt;circle cx=\&quot;12\&quot; cy=\&quot;10\&quot; r=\&quot;3\&quot;&gt;&lt;/circle&gt;
                    &lt;/svg&gt;
                    &lt;span&gt;Innovation Hub&lt;/span&gt;
                &lt;/div&gt;
            &lt;/div&gt;
        &lt;/div&gt;
    &quot;
    at Object.toContain (C:\Users\HP WORLD\COSC4P02_Festify\Tests\app.test.js:57:30)
    at Promise.then.completed (C:\Users\HP WORLD\COSC4P02_Festify\node_modules\jest-circus\build\utils.js:298:28)
    at new Promise (&lt;anonymous&gt;)
    at callAsyncCircusFn (C:\Users\HP WORLD\COSC4P02_Festify\node_modules\jest-circus\build\utils.js:231:10)
    at _callCircusTest (C:\Users\HP WORLD\COSC4P02_Festify\node_modules\jest-circus\build\run.js:316:40)
    at processTicksAndRejections (node:internal/process/task_queues:105:5)
    at _runTest (C:\Users\HP WORLD\COSC4P02_Festify\node_modules\jest-circus\build\run.js:252:3)
    at _runTestsForDescribeBlock (C:\Users\HP WORLD\COSC4P02_Festify\node_modules\jest-circus\build\run.js:126:9)
    at _runTestsForDescribeBlock (C:\Users\HP WORLD\COSC4P02_Festify\node_modules\jest-circus\build\run.js:121:9)
    at _runTestsForDescribeBlock (C:\Users\HP WORLD\COSC4P02_Festify\node_modules\jest-circus\build\run.js:121:9)
    at run (C:\Users\HP WORLD\COSC4P02_Festify\node_modules\jest-circus\build\run.js:71:3)
    at runAndTransformResultsToJestFormat (C:\Users\HP WORLD\COSC4P02_Festify\node_modules\jest-circus\build\legacy-code-todo-rewrite\jestAdapterInit.js:122:21)
    at jestAdapter (C:\Users\HP WORLD\COSC4P02_Festify\node_modules\jest-circus\build\legacy-code-todo-rewrite\jestAdapter.js:79:19)
    at runTestInternal (C:\Users\HP WORLD\COSC4P02_Festify\node_modules\jest-runner\build\runTest.js:367:16)
    at runTest (C:\Users\HP WORLD\COSC4P02_Festify\node_modules\jest-runner\build\runTest.js:444:34)
    at Object.worker (C:\Users\HP WORLD\COSC4P02_Festify\node_modules\jest-runner\build\testWorker.js:106:12)</failure>
    </testcase>
    <testcase classname="app.js module loadFooter() should append footer content to the body on success" name="app.js module loadFooter() should append footer content to the body on success" time="0.011">
      <failure>Error: expect(received).toContain(expected) // indexOf

Expected substring: &quot;Test Footer Content&quot;
Received string:    &quot;&quot;
    at Object.toContain (C:\Users\HP WORLD\COSC4P02_Festify\Tests\app.test.js:75:39)
    at processTicksAndRejections (node:internal/process/task_queues:105:5)</failure>
    </testcase>
    <testcase classname="app.js module loadFooter() should log an error when fetch fails" name="app.js module loadFooter() should log an error when fetch fails" time="0.004">
      <failure>Error: expect(jest.fn()).toHaveBeenCalledWith(...expected)

Expected: &quot;Error loading footer:&quot;, Any&lt;Error&gt;

Number of calls: 0
    at Object.toHaveBeenCalledWith (C:\Users\HP WORLD\COSC4P02_Festify\Tests\app.test.js:82:31)
    at processTicksAndRejections (node:internal/process/task_queues:105:5)</failure>
    </testcase>
  </testsuite>
  <testsuite name="firebase.js module" errors="0" failures="1" skipped="0" timestamp="2025-02-21T20:22:46" time="1.679" tests="7">
    <testcase classname="firebase.js module signUpUser should call createUserWithEmailAndPassword" name="firebase.js module signUpUser should call createUserWithEmailAndPassword" time="0.035">
    </testcase>
    <testcase classname="firebase.js module signInUser should call signInWithEmailAndPassword" name="firebase.js module signInUser should call signInWithEmailAndPassword" time="0.004">
    </testcase>
    <testcase classname="firebase.js module signOutUser should call signOut" name="firebase.js module signOutUser should call signOut" time="0.004">
    </testcase>
    <testcase classname="firebase.js module onUserStateChanged should register the callback" name="firebase.js module onUserStateChanged should register the callback" time="0.005">
    </testcase>
    <testcase classname="firebase.js module saveUserProfile should call setDoc with merge option" name="firebase.js module saveUserProfile should call setDoc with merge option" time="0.012">
      <failure>Error: expect(jest.fn()).toHaveBeenCalledWith(...expected)

- Expected
+ Received

- Anything,
+ undefined,
  {&quot;firstName&quot;: &quot;Test&quot;},
  {&quot;merge&quot;: true},

Number of calls: 1
    at Object.toHaveBeenCalledWith (C:\Users\HP WORLD\COSC4P02_Festify\Tests\firebase.test.js:72:40)
    at processTicksAndRejections (node:internal/process/task_queues:105:5)</failure>
    </testcase>
    <testcase classname="firebase.js module getUserProfile should return profile data if exists" name="firebase.js module getUserProfile should return profile data if exists" time="0.007">
    </testcase>
    <testcase classname="firebase.js module getUserProfile should return null if profile does not exist" name="firebase.js module getUserProfile should return null if profile does not exist" time="0">
    </testcase>
  </testsuite>
  <testsuite name="script.js functions" errors="0" failures="1" skipped="0" timestamp="2025-02-21T20:22:46" time="1.745" tests="8">
    <testcase classname="script.js functions formatDate() should format date strings" name="script.js functions formatDate() should format date strings" time="0.034">
    </testcase>
    <testcase classname="script.js functions formatCurrency() should format numbers as USD" name="script.js functions formatCurrency() should format numbers as USD" time="0.004">
    </testcase>
    <testcase classname="script.js functions renderEvents() should render event cards in #eventsGrid" name="script.js functions renderEvents() should render event cards in #eventsGrid" time="0.033">
    </testcase>
    <testcase classname="script.js functions Form display functions showEventForm() should show event form and hide others" name="script.js functions Form display functions showEventForm() should show event form and hide others" time="0.012">
    </testcase>
    <testcase classname="script.js functions Form display functions hideEventForm() should reset display to show metrics and events" name="script.js functions Form display functions hideEventForm() should reset display to show metrics and events" time="0.003">
    </testcase>
    <testcase classname="script.js functions Form display functions showProfileForm() and hideProfileForm()" name="script.js functions Form display functions showProfileForm() and hideProfileForm()" time="0.002">
    </testcase>
    <testcase classname="script.js functions Form display functions resetDashboard() should hide forms and re-render events" name="script.js functions Form display functions resetDashboard() should hide forms and re-render events" time="0.011">
      <failure>Error: expect(jest.fn()).toHaveBeenCalled()

Expected number of calls: &gt;= 1
Received number of calls:    0
    at Object.toHaveBeenCalled (C:\Users\HP WORLD\COSC4P02_Festify\Tests\script.test.js:97:25)
    at Promise.then.completed (C:\Users\HP WORLD\COSC4P02_Festify\node_modules\jest-circus\build\utils.js:298:28)
    at new Promise (&lt;anonymous&gt;)
    at callAsyncCircusFn (C:\Users\HP WORLD\COSC4P02_Festify\node_modules\jest-circus\build\utils.js:231:10)
    at _callCircusTest (C:\Users\HP WORLD\COSC4P02_Festify\node_modules\jest-circus\build\run.js:316:40)
    at processTicksAndRejections (node:internal/process/task_queues:105:5)
    at _runTest (C:\Users\HP WORLD\COSC4P02_Festify\node_modules\jest-circus\build\run.js:252:3)
    at _runTestsForDescribeBlock (C:\Users\HP WORLD\COSC4P02_Festify\node_modules\jest-circus\build\run.js:126:9)
    at _runTestsForDescribeBlock (C:\Users\HP WORLD\COSC4P02_Festify\node_modules\jest-circus\build\run.js:121:9)
    at _runTestsForDescribeBlock (C:\Users\HP WORLD\COSC4P02_Festify\node_modules\jest-circus\build\run.js:121:9)
    at run (C:\Users\HP WORLD\COSC4P02_Festify\node_modules\jest-circus\build\run.js:71:3)
    at runAndTransformResultsToJestFormat (C:\Users\HP WORLD\COSC4P02_Festify\node_modules\jest-circus\build\legacy-code-todo-rewrite\jestAdapterInit.js:122:21)
    at jestAdapter (C:\Users\HP WORLD\COSC4P02_Festify\node_modules\jest-circus\build\legacy-code-todo-rewrite\jestAdapter.js:79:19)
    at runTestInternal (C:\Users\HP WORLD\COSC4P02_Festify\node_modules\jest-runner\build\runTest.js:367:16)
    at runTest (C:\Users\HP WORLD\COSC4P02_Festify\node_modules\jest-runner\build\runTest.js:444:34)
    at Object.worker (C:\Users\HP WORLD\COSC4P02_Festify\node_modules\jest-runner\build\testWorker.js:106:12)</failure>
    </testcase>
    <testcase classname="script.js functions triggerFileInput() should call click on file input element" name="script.js functions triggerFileInput() should call click on file input element" time="0.003">
    </testcase>
  </testsuite>
</testsuites>